<?xml version="1.0" encoding="UTF-8"?>
<!-- Generated by org.testng.reporters.JUnitXMLReporter -->
<testsuite hostname="AJAYZ" name="Guided Update Interactive" tests="1" failures="0" timestamp="6 Mar 2014 19:24:55 GMT" time="0.027" errors="0">
  <testcase name="@BeforeTest checkTestSkip" time="0.0" classname="gui.tests.MAT.GU_Interactive">
    <skipped/>
  </testcase> <!-- @BeforeTest checkTestSkip -->
  <testcase name="@BeforeMethod testParamSetup" time="0.0" classname="gui.tests.MAT.GU_Interactive">
    <skipped/>
  </testcase> <!-- @BeforeMethod testParamSetup -->
  <testcase name="@AfterMethod testParamCleanup" time="0.0" classname="gui.tests.MAT.GU_Interactive">
    <skipped/>
  </testcase> <!-- @AfterMethod testParamCleanup -->
  <testcase name="@AfterTest testCleanup" time="0.0" classname="gui.tests.MAT.GU_Interactive">
    <skipped/>
  </testcase> <!-- @AfterTest testCleanup -->
  <testcase name="test_GU_Interactive" time="0.0" classname="gui.tests.MAT.GU_Interactive">
    <skipped/>
  </testcase> <!-- test_GU_Interactive -->
</testsuite> <!-- Guided Update Interactive -->
