<?xml version="1.0" encoding="UTF-8"?>
<!-- Generated by org.testng.reporters.JUnitXMLReporter -->
<testsuite hostname="AJAYZ" name="Local Deploy" tests="1" failures="0" timestamp="6 Mar 2014 19:24:55 GMT" time="0.004" errors="0">
  <testcase name="@BeforeTest checkTestSkip" time="0.0" classname="gui.tests.MAT.LocalDeploy">
    <skipped/>
  </testcase> <!-- @BeforeTest checkTestSkip -->
  <testcase name="@BeforeMethod testParamSetup" time="0.0" classname="gui.tests.MAT.LocalDeploy">
    <skipped/>
  </testcase> <!-- @BeforeMethod testParamSetup -->
  <testcase name="@AfterMethod testParamCleanup" time="0.0" classname="gui.tests.MAT.LocalDeploy">
    <skipped/>
  </testcase> <!-- @AfterMethod testParamCleanup -->
  <testcase name="@AfterTest testCleanup" time="0.0" classname="gui.tests.MAT.LocalDeploy">
    <skipped/>
  </testcase> <!-- @AfterTest testCleanup -->
  <testcase name="test_LocalDeploy" time="0.0" classname="gui.tests.MAT.LocalDeploy">
    <skipped/>
  </testcase> <!-- test_LocalDeploy -->
</testsuite> <!-- Local Deploy -->
